0 info it worked if it ends with ok
1 verbose cli [ '/Users/buckfactor/.nvm/versions/node/v7.7.4/bin/node',
1 verbose cli   '/Users/buckfactor/.nvm/versions/node/v7.7.4/bin/npm',
1 verbose cli   'publish' ]
2 info using npm@4.1.2
3 info using node@v7.7.4
4 verbose publish [ '.' ]
5 silly cache add args [ '.', null ]
6 verbose cache add spec .
7 silly cache add parsed spec Result {
7 silly cache add   raw: '.',
7 silly cache add   scope: null,
7 silly cache add   escapedName: null,
7 silly cache add   name: null,
7 silly cache add   rawSpec: '.',
7 silly cache add   spec: '/Users/buckfactor/soro/git/cool-data-manager',
7 silly cache add   type: 'directory' }
8 verbose addLocalDirectory /Users/buckfactor/.npm/cool-data-manager/1.0.6/package.tgz not in flight; packing
9 verbose correctMkdir /Users/buckfactor/.npm correctMkdir not in flight; initializing
10 info lifecycle cool-data-manager@1.0.6~prepublish: cool-data-manager@1.0.6
11 silly lifecycle cool-data-manager@1.0.6~prepublish: no script for prepublish, continuing
12 info lifecycle cool-data-manager@1.0.6~prepare: cool-data-manager@1.0.6
13 silly lifecycle cool-data-manager@1.0.6~prepare: no script for prepare, continuing
14 verbose tar pack [ '/Users/buckfactor/.npm/cool-data-manager/1.0.6/package.tgz',
14 verbose tar pack   '/Users/buckfactor/soro/git/cool-data-manager' ]
15 verbose tarball /Users/buckfactor/.npm/cool-data-manager/1.0.6/package.tgz
16 verbose folder /Users/buckfactor/soro/git/cool-data-manager
17 verbose addLocalTarball adding from inside cache /Users/buckfactor/.npm/cool-data-manager/1.0.6/package.tgz
18 verbose correctMkdir /Users/buckfactor/.npm correctMkdir not in flight; initializing
19 silly cache afterAdd cool-data-manager@1.0.6
20 verbose afterAdd /Users/buckfactor/.npm/cool-data-manager/1.0.6/package/package.json not in flight; writing
21 verbose correctMkdir /Users/buckfactor/.npm correctMkdir not in flight; initializing
22 verbose afterAdd /Users/buckfactor/.npm/cool-data-manager/1.0.6/package/package.json written
23 silly publish { name: 'cool-data-manager',
23 silly publish   version: '1.0.6',
23 silly publish   description: '',
23 silly publish   main: 'index.js',
23 silly publish   scripts: { test: 'mocha ./**/spec.js ./**/*.spec.js' },
23 silly publish   dependencies:
23 silly publish    { axios: '^0.15.3',
23 silly publish      bluebird: '^3.5.0',
23 silly publish      'body-parser': '~1.16.0',
23 silly publish      'cookie-parser': '~1.4.3',
23 silly publish      debug: '~2.6.0',
23 silly publish      express: '~4.14.1',
23 silly publish      'fbkt-clog': '^1.0.1',
23 silly publish      jade: '~1.11.0',
23 silly publish      lokka: '^1.7.0',
23 silly publish      'lokka-transport-http': '^1.6.1',
23 silly publish      minimist: '^1.2.0',
23 silly publish      moment: '^2.18.1',
23 silly publish      morgan: '~1.7.0',
23 silly publish      pluralize: '^4.0.0',
23 silly publish      ramda: '^0.23.0',
23 silly publish      'serve-favicon': '~2.3.2' },
23 silly publish   devDependencies: { chai: '^3.5.0', expect: '^1.20.2' },
23 silly publish   gitHead: 'e4a2903c997bf3486b225688a65dbd86f5a08774',
23 silly publish   readme: 'ERROR: No README data found!',
23 silly publish   _id: 'cool-data-manager@1.0.6',
23 silly publish   _shasum: 'b176296c2cfced794c4b05e6b78f644413e798c1',
23 silly publish   _from: '.' }
24 info lifecycle cool-data-manager@1.0.6~prepublishOnly: cool-data-manager@1.0.6
25 silly lifecycle cool-data-manager@1.0.6~prepublishOnly: no script for prepublishOnly, continuing
26 verbose getPublishConfig undefined
27 silly mapToRegistry name cool-data-manager
28 silly mapToRegistry using default registry
29 silly mapToRegistry registry https://registry.npmjs.org/
30 silly mapToRegistry data Result {
30 silly mapToRegistry   raw: 'cool-data-manager',
30 silly mapToRegistry   scope: null,
30 silly mapToRegistry   escapedName: 'cool-data-manager',
30 silly mapToRegistry   name: 'cool-data-manager',
30 silly mapToRegistry   rawSpec: '',
30 silly mapToRegistry   spec: 'latest',
30 silly mapToRegistry   type: 'tag' }
31 silly mapToRegistry uri https://registry.npmjs.org/cool-data-manager
32 verbose publish registryBase https://registry.npmjs.org/
33 silly publish uploading /Users/buckfactor/.npm/cool-data-manager/1.0.6/package.tgz
34 verbose request uri https://registry.npmjs.org/cool-data-manager
35 verbose request sending authorization for write operation
36 info attempt registry request try #1 at 1:18:48 PM
37 verbose request using bearer token for auth
38 verbose request id 63be4363d112ee94
39 http request PUT https://registry.npmjs.org/cool-data-manager
40 http 403 https://registry.npmjs.org/cool-data-manager
41 verbose headers { 'content-type': 'application/json',
41 verbose headers   'cache-control': 'max-age=300',
41 verbose headers   'content-length': '95',
41 verbose headers   'accept-ranges': 'bytes',
41 verbose headers   date: 'Fri, 31 Mar 2017 18:18:50 GMT',
41 verbose headers   via: '1.1 varnish',
41 verbose headers   connection: 'keep-alive',
41 verbose headers   'x-served-by': 'cache-ord1738-ORD',
41 verbose headers   'x-cache': 'MISS',
41 verbose headers   'x-cache-hits': '0',
41 verbose headers   'x-timer': 'S1490984329.321621,VS0,VE1012',
41 verbose headers   vary: 'Accept-Encoding' }
42 verbose request invalidating /Users/buckfactor/.npm/registry.npmjs.org/cool-data-manager on PUT
43 error publish Failed PUT 403
44 verbose stack Error: "You cannot publish over the previously published version 1.0.6." : cool-data-manager
44 verbose stack     at makeError (/Users/buckfactor/.nvm/versions/node/v7.7.4/lib/node_modules/npm/node_modules/npm-registry-client/lib/request.js:304:12)
44 verbose stack     at CachingRegistryClient.<anonymous> (/Users/buckfactor/.nvm/versions/node/v7.7.4/lib/node_modules/npm/node_modules/npm-registry-client/lib/request.js:292:14)
44 verbose stack     at Request._callback (/Users/buckfactor/.nvm/versions/node/v7.7.4/lib/node_modules/npm/node_modules/npm-registry-client/lib/request.js:212:14)
44 verbose stack     at Request.self.callback (/Users/buckfactor/.nvm/versions/node/v7.7.4/lib/node_modules/npm/node_modules/request/request.js:186:22)
44 verbose stack     at emitTwo (events.js:106:13)
44 verbose stack     at Request.emit (events.js:194:7)
44 verbose stack     at Request.<anonymous> (/Users/buckfactor/.nvm/versions/node/v7.7.4/lib/node_modules/npm/node_modules/request/request.js:1081:10)
44 verbose stack     at emitOne (events.js:96:13)
44 verbose stack     at Request.emit (events.js:191:7)
44 verbose stack     at IncomingMessage.<anonymous> (/Users/buckfactor/.nvm/versions/node/v7.7.4/lib/node_modules/npm/node_modules/request/request.js:1001:12)
45 verbose statusCode 403
46 verbose pkgid cool-data-manager
47 verbose cwd /Users/buckfactor/soro/git/cool-data-manager
48 error Darwin 16.4.0
49 error argv "/Users/buckfactor/.nvm/versions/node/v7.7.4/bin/node" "/Users/buckfactor/.nvm/versions/node/v7.7.4/bin/npm" "publish"
50 error node v7.7.4
51 error npm  v4.1.2
52 error code E403
53 error "You cannot publish over the previously published version 1.0.6." : cool-data-manager
54 error If you need help, you may report this error at:
54 error     <https://github.com/npm/npm/issues>
55 verbose exit [ 1, true ]
